0 info it worked if it ends with ok
1 verbose cli [ '/Users/daviddavis/.nvm/versions/node/v7.5.0/bin/node',
1 verbose cli   '/Users/daviddavis/.nvm/versions/node/v7.5.0/bin/npm',
1 verbose cli   'start' ]
2 info using npm@4.1.2
3 info using node@v7.5.0
4 verbose stack Error: Invalid name: "SocketIO client signaling example"
4 verbose stack     at ensureValidName (/Users/daviddavis/.nvm/versions/node/v7.5.0/lib/node_modules/npm/node_modules/normalize-package-data/lib/fixer.js:336:15)
4 verbose stack     at Object.fixNameField (/Users/daviddavis/.nvm/versions/node/v7.5.0/lib/node_modules/npm/node_modules/normalize-package-data/lib/fixer.js:215:5)
4 verbose stack     at /Users/daviddavis/.nvm/versions/node/v7.5.0/lib/node_modules/npm/node_modules/normalize-package-data/lib/normalize.js:32:38
4 verbose stack     at Array.forEach (native)
4 verbose stack     at normalize (/Users/daviddavis/.nvm/versions/node/v7.5.0/lib/node_modules/npm/node_modules/normalize-package-data/lib/normalize.js:31:15)
4 verbose stack     at final (/Users/daviddavis/.nvm/versions/node/v7.5.0/lib/node_modules/npm/node_modules/read-package-json/read-json.js:349:5)
4 verbose stack     at then (/Users/daviddavis/.nvm/versions/node/v7.5.0/lib/node_modules/npm/node_modules/read-package-json/read-json.js:124:5)
4 verbose stack     at /Users/daviddavis/.nvm/versions/node/v7.5.0/lib/node_modules/npm/node_modules/read-package-json/read-json.js:311:12
4 verbose stack     at /Users/daviddavis/.nvm/versions/node/v7.5.0/lib/node_modules/npm/node_modules/graceful-fs/graceful-fs.js:78:16
4 verbose stack     at tryToString (fs.js:426:3)
5 verbose cwd /Users/daviddavis/Dropbox/Learning/socket-io-signal-seed
6 error Darwin 17.5.0
7 error argv "/Users/daviddavis/.nvm/versions/node/v7.5.0/bin/node" "/Users/daviddavis/.nvm/versions/node/v7.5.0/bin/npm" "start"
8 error node v7.5.0
9 error npm  v4.1.2
10 error Invalid name: "SocketIO client signaling example"
11 error If you need help, you may report this error at:
11 error     <https://github.com/npm/npm/issues>
12 verbose exit [ 1, true ]
